[0m01:27:25.120397 [debug] [MainThread]: Sending event: {'category': 'dbt', 'action': 'invocation', 'label': 'start', 'context': [<snowplow_tracker.self_describing_json.SelfDescribingJson object at 0x000002924E6B72D0>, <snowplow_tracker.self_describing_json.SelfDescribingJson object at 0x0000029253A0BA90>, <snowplow_tracker.self_describing_json.SelfDescribingJson object at 0x0000029253720690>]}


============================== 01:27:25.126406 | 39aa2707-dd92-4f7f-abf5-d7f7f2606229 ==============================
[0m01:27:25.126406 [info ] [MainThread]: Running with dbt=1.11.0-rc2
[0m01:27:25.127406 [debug] [MainThread]: running dbt with arguments {'log_format': 'default', 'no_print': 'None', 'invocation_command': 'dbt init attribution_project', 'write_json': 'True', 'printer_width': '80', 'warn_error': 'None', 'static_parser': 'True', 'fail_fast': 'False', 'indirect_selection': 'eager', 'send_anonymous_usage_stats': 'True', 'log_path': 'logs', 'warn_error_options': 'WarnErrorOptionsV2(error=[], warn=[], silence=[])', 'partial_parse': 'True', 'use_experimental_parser': 'False', 'version_check': 'True', 'quiet': 'False', 'introspect': 'True', 'empty': 'None', 'log_cache_events': 'False', 'debug': 'False', 'profiles_dir': 'C:\\Users\\sudar\\.dbt', 'use_colors': 'True', 'cache_selected_only': 'False', 'target_path': 'None'}
[0m01:27:25.579132 [info ] [MainThread]: Creating dbt configuration folder at C:\Users\sudar\.dbt
[0m01:27:25.601738 [debug] [MainThread]: Starter project path: C:\Users\sudar\AppData\Local\Packages\PythonSoftwareFoundation.Python.3.11_qbz5n2kfra8p0\LocalCache\local-packages\Python311\site-packages\dbt\include\starter_project
[0m01:27:25.776799 [info ] [MainThread]: 
Your new dbt project "attribution_project" was created!

For more information on how to configure the profiles.yml file,
please consult the dbt documentation here:

  https://docs.getdbt.com/docs/configure-your-profile

One more thing:

Need help? Don't hesitate to reach out to us via GitHub issues or on Slack:

  https://community.getdbt.com/

Happy modeling!

[0m01:27:25.778816 [info ] [MainThread]: Setting up your profile.
[0m01:28:53.682424 [info ] [MainThread]: Profile attribution_project written to C:\Users\sudar\.dbt\profiles.yml using target's profile_template.yml and your supplied values. Run 'dbt debug' to validate the connection.
[0m01:28:53.687466 [debug] [MainThread]: Command `dbt init` succeeded at 01:28:53.687466 after 88.76 seconds
[0m01:28:53.689539 [debug] [MainThread]: Sending event: {'category': 'dbt', 'action': 'invocation', 'label': 'end', 'context': [<snowplow_tracker.self_describing_json.SelfDescribingJson object at 0x00000292539899D0>, <snowplow_tracker.self_describing_json.SelfDescribingJson object at 0x0000029253A0BD50>, <snowplow_tracker.self_describing_json.SelfDescribingJson object at 0x0000029253A0BA90>]}
[0m01:28:53.691743 [debug] [MainThread]: Flushing usage events
[0m01:28:54.716393 [debug] [MainThread]: An error was encountered while trying to flush usage events
[0m01:29:30.092719 [debug] [MainThread]: Sending event: {'category': 'dbt', 'action': 'invocation', 'label': 'start', 'context': [<snowplow_tracker.self_describing_json.SelfDescribingJson object at 0x0000015DD93DB090>, <snowplow_tracker.self_describing_json.SelfDescribingJson object at 0x0000015DD9395250>, <snowplow_tracker.self_describing_json.SelfDescribingJson object at 0x0000015DD9395790>]}


============================== 01:29:30.107722 | 14279f84-166b-47cf-8689-f798960b435f ==============================
[0m01:29:30.107722 [info ] [MainThread]: Running with dbt=1.11.0-rc2
[0m01:29:30.111206 [debug] [MainThread]: running dbt with arguments {'write_json': 'True', 'use_colors': 'True', 'no_print': 'None', 'printer_width': '80', 'log_format': 'default', 'warn_error': 'None', 'indirect_selection': 'eager', 'fail_fast': 'False', 'static_parser': 'True', 'send_anonymous_usage_stats': 'True', 'partial_parse': 'True', 'warn_error_options': 'WarnErrorOptionsV2(error=[], warn=[], silence=[])', 'log_path': 'logs', 'use_experimental_parser': 'False', 'version_check': 'True', 'introspect': 'True', 'quiet': 'False', 'empty': 'None', 'log_cache_events': 'False', 'debug': 'False', 'profiles_dir': 'C:\\Users\\sudar\\.dbt', 'invocation_command': 'dbt debug', 'cache_selected_only': 'False', 'target_path': 'None'}
[0m01:29:30.339294 [info ] [MainThread]: dbt version: 1.11.0-rc2
[0m01:29:30.343030 [info ] [MainThread]: python version: 3.11.9
[0m01:29:30.345681 [info ] [MainThread]: python path: C:\Users\sudar\AppData\Local\Microsoft\WindowsApps\PythonSoftwareFoundation.Python.3.11_qbz5n2kfra8p0\python.exe
[0m01:29:30.348980 [info ] [MainThread]: os info: Windows-10-10.0.26100-SP0
[0m01:29:41.731744 [info ] [MainThread]: Using profiles dir at C:\Users\sudar\.dbt
[0m01:29:41.733743 [info ] [MainThread]: Using profiles.yml file at C:\Users\sudar\.dbt\profiles.yml
[0m01:29:41.734743 [info ] [MainThread]: Using dbt_project.yml file at C:\Users\sudar\Downloads\real_time_attribution\dbt_project\dbt_project.yml
[0m01:29:41.735743 [info ] [MainThread]: adapter type: bigquery
[0m01:29:41.736737 [info ] [MainThread]: adapter version: 1.10.3
[0m01:29:41.737752 [info ] [MainThread]: Configuration:
[0m01:29:41.739902 [info ] [MainThread]:   profiles.yml file [[32mOK found and valid[0m]
[0m01:29:41.740901 [info ] [MainThread]:   dbt_project.yml file [[31mERROR not found[0m]
[0m01:29:41.743087 [info ] [MainThread]: Required dependencies:
[0m01:29:41.746106 [debug] [MainThread]: Executing "git --help"
[0m01:29:41.831386 [debug] [MainThread]: STDOUT: "b"usage: git [-v | --version] [-h | --help] [-C <path>] [-c <name>=<value>]\n           [--exec-path[=<path>]] [--html-path] [--man-path] [--info-path]\n           [-p | --paginate | -P | --no-pager] [--no-replace-objects] [--bare]\n           [--git-dir=<path>] [--work-tree=<path>] [--namespace=<name>]\n           [--config-env=<name>=<envvar>] <command> [<args>]\n\nThese are common Git commands used in various situations:\n\nstart a working area (see also: git help tutorial)\n   clone     Clone a repository into a new directory\n   init      Create an empty Git repository or reinitialize an existing one\n\nwork on the current change (see also: git help everyday)\n   add       Add file contents to the index\n   mv        Move or rename a file, a directory, or a symlink\n   restore   Restore working tree files\n   rm        Remove files from the working tree and from the index\n\nexamine the history and state (see also: git help revisions)\n   bisect    Use binary search to find the commit that introduced a bug\n   diff      Show changes between commits, commit and working tree, etc\n   grep      Print lines matching a pattern\n   log       Show commit logs\n   show      Show various types of objects\n   status    Show the working tree status\n\ngrow, mark and tweak your common history\n   branch    List, create, or delete branches\n   commit    Record changes to the repository\n   merge     Join two or more development histories together\n   rebase    Reapply commits on top of another base tip\n   reset     Reset current HEAD to the specified state\n   switch    Switch branches\n   tag       Create, list, delete or verify a tag object signed with GPG\n\ncollaborate (see also: git help workflows)\n   fetch     Download objects and refs from another repository\n   pull      Fetch from and integrate with another repository or a local branch\n   push      Update remote refs along with associated objects\n\n'git help -a' and 'git help -g' list available subcommands and some\nconcept guides. See 'git help <command>' or 'git help <concept>'\nto read about a specific subcommand or concept.\nSee 'git help git' for an overview of the system.\n""
[0m01:29:41.832441 [debug] [MainThread]: STDERR: "b''"
[0m01:29:41.833405 [info ] [MainThread]:  - git [[32mOK found[0m]

[0m01:29:41.834404 [info ] [MainThread]: Connection:
[0m01:29:41.835816 [info ] [MainThread]:   method: oauth
[0m01:29:41.836845 [info ] [MainThread]:   database: dbtprojects1
[0m01:29:41.838339 [info ] [MainThread]:   execution_project: dbtprojects1
[0m01:29:41.839340 [info ] [MainThread]:   schema: attribution_pipeline
[0m01:29:41.840581 [info ] [MainThread]:   location: US
[0m01:29:41.841610 [info ] [MainThread]:   priority: interactive
[0m01:29:41.841610 [info ] [MainThread]:   maximum_bytes_billed: None
[0m01:29:41.842611 [info ] [MainThread]:   impersonate_service_account: None
[0m01:29:41.843634 [info ] [MainThread]:   job_retry_deadline_seconds: None
[0m01:29:41.845111 [info ] [MainThread]:   job_retries: 1
[0m01:29:41.847110 [info ] [MainThread]:   job_creation_timeout_seconds: None
[0m01:29:41.848109 [info ] [MainThread]:   job_execution_timeout_seconds: 300
[0m01:29:41.848109 [info ] [MainThread]:   timeout_seconds: 300
[0m01:29:41.850834 [info ] [MainThread]:   client_id: None
[0m01:29:41.852922 [info ] [MainThread]:   token_uri: None
[0m01:29:41.858979 [info ] [MainThread]:   compute_region: None
[0m01:29:41.862200 [info ] [MainThread]:   dataproc_cluster_name: None
[0m01:29:41.864414 [info ] [MainThread]:   gcs_bucket: None
[0m01:29:41.865378 [info ] [MainThread]:   dataproc_batch: None
[0m01:29:41.867379 [info ] [MainThread]: Registered adapter: bigquery=1.10.3
[0m01:29:43.555424 [debug] [MainThread]: Acquiring new bigquery connection 'debug'
[0m01:29:43.557391 [debug] [MainThread]: On debug: select 1 as id
[0m01:29:43.558426 [debug] [MainThread]: Opening a new connection, currently in state init
[0m01:29:55.798432 [debug] [MainThread]: BigQuery adapter: Got an error when attempting to create a bigquery " "client: 'Runtime Error
  Failed to authenticate with supplied credentials
  error:
  Your default credentials were not found. To set up Application Default Credentials, see https://cloud.google.com/docs/authentication/external/set-up-adc for more information.'
[0m01:29:55.801483 [debug] [MainThread]: BigQuery adapter: Unhandled error while running:
select 1 as id
[0m01:29:55.803452 [debug] [MainThread]: BigQuery adapter: Database Error
  Runtime Error
    Failed to authenticate with supplied credentials
    error:
    Your default credentials were not found. To set up Application Default Credentials, see https://cloud.google.com/docs/authentication/external/set-up-adc for more information.
[0m01:29:55.805416 [info ] [MainThread]:   Connection test: [[31mERROR[0m]

[0m01:29:55.808511 [info ] [MainThread]: [31m2 checks failed:[0m
[0m01:29:55.811504 [info ] [MainThread]: Project loading failed for the following reason:
 project path <C:\Users\sudar\Downloads\real_time_attribution\dbt_project\dbt_project.yml> not found

[0m01:29:55.813504 [info ] [MainThread]: dbt was unable to connect to the specified database.
The database returned the following error:

  >'NoneType' object has no attribute 'close'

Check your database credentials and try again. For more information, visit:
https://docs.getdbt.com/docs/configure-your-profile


[0m01:29:55.817886 [debug] [MainThread]: Command `dbt debug` failed at 01:29:55.817886 after 26.18 seconds
[0m01:29:55.819884 [debug] [MainThread]: Sending event: {'category': 'dbt', 'action': 'invocation', 'label': 'end', 'context': [<snowplow_tracker.self_describing_json.SelfDescribingJson object at 0x0000015DD9385C10>, <snowplow_tracker.self_describing_json.SelfDescribingJson object at 0x0000015DD0E43990>, <snowplow_tracker.self_describing_json.SelfDescribingJson object at 0x0000015DD93954D0>]}
[0m01:29:55.820888 [debug] [MainThread]: Flushing usage events
[0m01:29:56.844597 [debug] [MainThread]: An error was encountered while trying to flush usage events
