[0m01:39:48.105533 [debug] [MainThread]: Sending event: {'category': 'dbt', 'action': 'invocation', 'label': 'start', 'context': [<snowplow_tracker.self_describing_json.SelfDescribingJson object at 0x000001FDC1A43C50>, <snowplow_tracker.self_describing_json.SelfDescribingJson object at 0x000001FDC6D13210>, <snowplow_tracker.self_describing_json.SelfDescribingJson object at 0x000001FDC6A20690>]}


============================== 01:39:48.110974 | 1cdd045b-df0a-452a-be35-52d3adfeca6d ==============================
[0m01:39:48.110974 [info ] [MainThread]: Running with dbt=1.11.0-rc2
[0m01:39:48.112000 [debug] [MainThread]: running dbt with arguments {'profiles_dir': 'C:\\Users\\sudar\\.dbt', 'no_print': 'None', 'write_json': 'True', 'cache_selected_only': 'False', 'invocation_command': 'dbt debug', 'warn_error': 'None', 'static_parser': 'True', 'fail_fast': 'False', 'indirect_selection': 'eager', 'send_anonymous_usage_stats': 'True', 'log_path': 'logs', 'warn_error_options': 'WarnErrorOptionsV2(error=[], warn=[], silence=[])', 'partial_parse': 'True', 'version_check': 'True', 'use_experimental_parser': 'False', 'introspect': 'True', 'quiet': 'False', 'empty': 'None', 'log_cache_events': 'False', 'debug': 'False', 'log_format': 'default', 'use_colors': 'True', 'printer_width': '80', 'target_path': 'None'}
[0m01:39:48.142237 [info ] [MainThread]: dbt version: 1.11.0-rc2
[0m01:39:48.143313 [info ] [MainThread]: python version: 3.11.9
[0m01:39:48.144504 [info ] [MainThread]: python path: C:\Users\sudar\AppData\Local\Microsoft\WindowsApps\PythonSoftwareFoundation.Python.3.11_qbz5n2kfra8p0\python.exe
[0m01:39:48.145986 [info ] [MainThread]: os info: Windows-10-10.0.26100-SP0
[0m01:39:55.344488 [info ] [MainThread]: Using profiles dir at C:\Users\sudar\.dbt
[0m01:39:55.345517 [info ] [MainThread]: Using profiles.yml file at C:\Users\sudar\.dbt\profiles.yml
[0m01:39:55.346488 [info ] [MainThread]: Using dbt_project.yml file at C:\Users\sudar\Downloads\real_time_attribution\dbt_project.yml
[0m01:39:55.347489 [info ] [MainThread]: adapter type: bigquery
[0m01:39:55.348487 [info ] [MainThread]: adapter version: 1.10.3
[0m01:39:55.350489 [info ] [MainThread]: Configuration:
[0m01:39:55.351491 [info ] [MainThread]:   profiles.yml file [[32mOK found and valid[0m]
[0m01:39:55.353886 [info ] [MainThread]:   dbt_project.yml file [[31mERROR not found[0m]
[0m01:39:55.354882 [info ] [MainThread]: Required dependencies:
[0m01:39:55.357433 [debug] [MainThread]: Executing "git --help"
[0m01:39:55.428183 [debug] [MainThread]: STDOUT: "b"usage: git [-v | --version] [-h | --help] [-C <path>] [-c <name>=<value>]\n           [--exec-path[=<path>]] [--html-path] [--man-path] [--info-path]\n           [-p | --paginate | -P | --no-pager] [--no-replace-objects] [--bare]\n           [--git-dir=<path>] [--work-tree=<path>] [--namespace=<name>]\n           [--config-env=<name>=<envvar>] <command> [<args>]\n\nThese are common Git commands used in various situations:\n\nstart a working area (see also: git help tutorial)\n   clone     Clone a repository into a new directory\n   init      Create an empty Git repository or reinitialize an existing one\n\nwork on the current change (see also: git help everyday)\n   add       Add file contents to the index\n   mv        Move or rename a file, a directory, or a symlink\n   restore   Restore working tree files\n   rm        Remove files from the working tree and from the index\n\nexamine the history and state (see also: git help revisions)\n   bisect    Use binary search to find the commit that introduced a bug\n   diff      Show changes between commits, commit and working tree, etc\n   grep      Print lines matching a pattern\n   log       Show commit logs\n   show      Show various types of objects\n   status    Show the working tree status\n\ngrow, mark and tweak your common history\n   branch    List, create, or delete branches\n   commit    Record changes to the repository\n   merge     Join two or more development histories together\n   rebase    Reapply commits on top of another base tip\n   reset     Reset current HEAD to the specified state\n   switch    Switch branches\n   tag       Create, list, delete or verify a tag object signed with GPG\n\ncollaborate (see also: git help workflows)\n   fetch     Download objects and refs from another repository\n   pull      Fetch from and integrate with another repository or a local branch\n   push      Update remote refs along with associated objects\n\n'git help -a' and 'git help -g' list available subcommands and some\nconcept guides. See 'git help <command>' or 'git help <concept>'\nto read about a specific subcommand or concept.\nSee 'git help git' for an overview of the system.\n""
[0m01:39:55.430186 [debug] [MainThread]: STDERR: "b''"
[0m01:39:55.432183 [info ] [MainThread]:  - git [[32mOK found[0m]

[0m01:39:55.437222 [info ] [MainThread]: Connection:
[0m01:39:55.438071 [info ] [MainThread]:   method: oauth
[0m01:39:55.439301 [info ] [MainThread]:   database: dbtprojects1
[0m01:39:55.440297 [info ] [MainThread]:   execution_project: dbtprojects1
[0m01:39:55.440297 [info ] [MainThread]:   schema: attribution_pipeline
[0m01:39:55.441295 [info ] [MainThread]:   location: US
[0m01:39:55.442788 [info ] [MainThread]:   priority: interactive
[0m01:39:55.443791 [info ] [MainThread]:   maximum_bytes_billed: None
[0m01:39:55.445800 [info ] [MainThread]:   impersonate_service_account: None
[0m01:39:55.447916 [info ] [MainThread]:   job_retry_deadline_seconds: None
[0m01:39:55.448947 [info ] [MainThread]:   job_retries: 1
[0m01:39:55.450005 [info ] [MainThread]:   job_creation_timeout_seconds: None
[0m01:39:55.451105 [info ] [MainThread]:   job_execution_timeout_seconds: 300
[0m01:39:55.451105 [info ] [MainThread]:   timeout_seconds: 300
[0m01:39:55.452551 [info ] [MainThread]:   client_id: None
[0m01:39:55.453550 [info ] [MainThread]:   token_uri: None
[0m01:39:55.454580 [info ] [MainThread]:   compute_region: None
[0m01:39:55.456970 [info ] [MainThread]:   dataproc_cluster_name: None
[0m01:39:55.458397 [info ] [MainThread]:   gcs_bucket: None
[0m01:39:55.459400 [info ] [MainThread]:   dataproc_batch: None
[0m01:39:55.460394 [info ] [MainThread]: Registered adapter: bigquery=1.10.3
[0m01:39:56.725929 [debug] [MainThread]: Acquiring new bigquery connection 'debug'
[0m01:39:56.727465 [debug] [MainThread]: On debug: select 1 as id
[0m01:39:56.729502 [debug] [MainThread]: Opening a new connection, currently in state init
[0m01:40:08.601941 [debug] [MainThread]: BigQuery adapter: Got an error when attempting to create a bigquery " "client: 'Runtime Error
  Failed to authenticate with supplied credentials
  error:
  Your default credentials were not found. To set up Application Default Credentials, see https://cloud.google.com/docs/authentication/external/set-up-adc for more information.'
[0m01:40:08.603928 [debug] [MainThread]: BigQuery adapter: Unhandled error while running:
select 1 as id
[0m01:40:08.605941 [debug] [MainThread]: BigQuery adapter: Database Error
  Runtime Error
    Failed to authenticate with supplied credentials
    error:
    Your default credentials were not found. To set up Application Default Credentials, see https://cloud.google.com/docs/authentication/external/set-up-adc for more information.
[0m01:40:08.606929 [info ] [MainThread]:   Connection test: [[31mERROR[0m]

[0m01:40:08.608943 [info ] [MainThread]: [31m2 checks failed:[0m
[0m01:40:08.612539 [info ] [MainThread]: Project loading failed for the following reason:
 project path <C:\Users\sudar\Downloads\real_time_attribution\dbt_project.yml> not found

[0m01:40:08.615731 [info ] [MainThread]: dbt was unable to connect to the specified database.
The database returned the following error:

  >'NoneType' object has no attribute 'close'

Check your database credentials and try again. For more information, visit:
https://docs.getdbt.com/docs/configure-your-profile


[0m01:40:08.623335 [debug] [MainThread]: Command `dbt debug` failed at 01:40:08.622343 after 20.65 seconds
[0m01:40:08.625341 [debug] [MainThread]: Sending event: {'category': 'dbt', 'action': 'invocation', 'label': 'end', 'context': [<snowplow_tracker.self_describing_json.SelfDescribingJson object at 0x000001FDC6D33C50>, <snowplow_tracker.self_describing_json.SelfDescribingJson object at 0x000001FDE59A7410>, <snowplow_tracker.self_describing_json.SelfDescribingJson object at 0x000001FDC0B43490>]}
[0m01:40:08.628338 [debug] [MainThread]: Flushing usage events
[0m01:40:09.635650 [debug] [MainThread]: An error was encountered while trying to flush usage events
[0m01:42:48.974385 [debug] [MainThread]: Sending event: {'category': 'dbt', 'action': 'invocation', 'label': 'start', 'context': [<snowplow_tracker.self_describing_json.SelfDescribingJson object at 0x00000245B16956D0>, <snowplow_tracker.self_describing_json.SelfDescribingJson object at 0x00000245B170B290>, <snowplow_tracker.self_describing_json.SelfDescribingJson object at 0x00000245B170AE50>]}


============================== 01:42:48.984384 | f1a756b2-24eb-4e37-9680-b2708827b822 ==============================
[0m01:42:48.984384 [info ] [MainThread]: Running with dbt=1.11.0-rc2
[0m01:42:48.986385 [debug] [MainThread]: running dbt with arguments {'printer_width': '80', 'log_format': 'default', 'target_path': 'None', 'profiles_dir': 'C:\\Users\\sudar\\.dbt', 'invocation_command': 'dbt debug', 'warn_error': 'None', 'static_parser': 'True', 'fail_fast': 'False', 'partial_parse': 'True', 'send_anonymous_usage_stats': 'True', 'indirect_selection': 'eager', 'warn_error_options': 'WarnErrorOptionsV2(error=[], warn=[], silence=[])', 'log_path': 'logs', 'version_check': 'True', 'use_experimental_parser': 'False', 'quiet': 'False', 'introspect': 'True', 'empty': 'None', 'log_cache_events': 'False', 'debug': 'False', 'no_print': 'None', 'use_colors': 'True', 'cache_selected_only': 'False', 'write_json': 'True'}
[0m01:42:49.032384 [info ] [MainThread]: dbt version: 1.11.0-rc2
[0m01:42:49.034438 [info ] [MainThread]: python version: 3.11.9
[0m01:42:49.036385 [info ] [MainThread]: python path: C:\Users\sudar\AppData\Local\Microsoft\WindowsApps\PythonSoftwareFoundation.Python.3.11_qbz5n2kfra8p0\python.exe
[0m01:42:49.038387 [info ] [MainThread]: os info: Windows-10-10.0.26100-SP0
[0m01:42:56.740848 [info ] [MainThread]: Using profiles dir at C:\Users\sudar\.dbt
[0m01:42:56.741821 [info ] [MainThread]: Using profiles.yml file at C:\Users\sudar\.dbt\profiles.yml
[0m01:42:56.743830 [info ] [MainThread]: Using dbt_project.yml file at C:\Users\sudar\Downloads\real_time_attribution\dbt_project.yml
[0m01:42:56.744455 [info ] [MainThread]: adapter type: bigquery
[0m01:42:56.745664 [info ] [MainThread]: adapter version: 1.10.3
[0m01:42:56.746751 [info ] [MainThread]: Configuration:
[0m01:42:56.748758 [info ] [MainThread]:   profiles.yml file [[32mOK found and valid[0m]
[0m01:42:56.749751 [info ] [MainThread]:   dbt_project.yml file [[31mERROR not found[0m]
[0m01:42:56.752555 [info ] [MainThread]: Required dependencies:
[0m01:42:56.756049 [debug] [MainThread]: Executing "git --help"
[0m01:42:56.815734 [debug] [MainThread]: STDOUT: "b"usage: git [-v | --version] [-h | --help] [-C <path>] [-c <name>=<value>]\n           [--exec-path[=<path>]] [--html-path] [--man-path] [--info-path]\n           [-p | --paginate | -P | --no-pager] [--no-replace-objects] [--bare]\n           [--git-dir=<path>] [--work-tree=<path>] [--namespace=<name>]\n           [--config-env=<name>=<envvar>] <command> [<args>]\n\nThese are common Git commands used in various situations:\n\nstart a working area (see also: git help tutorial)\n   clone     Clone a repository into a new directory\n   init      Create an empty Git repository or reinitialize an existing one\n\nwork on the current change (see also: git help everyday)\n   add       Add file contents to the index\n   mv        Move or rename a file, a directory, or a symlink\n   restore   Restore working tree files\n   rm        Remove files from the working tree and from the index\n\nexamine the history and state (see also: git help revisions)\n   bisect    Use binary search to find the commit that introduced a bug\n   diff      Show changes between commits, commit and working tree, etc\n   grep      Print lines matching a pattern\n   log       Show commit logs\n   show      Show various types of objects\n   status    Show the working tree status\n\ngrow, mark and tweak your common history\n   branch    List, create, or delete branches\n   commit    Record changes to the repository\n   merge     Join two or more development histories together\n   rebase    Reapply commits on top of another base tip\n   reset     Reset current HEAD to the specified state\n   switch    Switch branches\n   tag       Create, list, delete or verify a tag object signed with GPG\n\ncollaborate (see also: git help workflows)\n   fetch     Download objects and refs from another repository\n   pull      Fetch from and integrate with another repository or a local branch\n   push      Update remote refs along with associated objects\n\n'git help -a' and 'git help -g' list available subcommands and some\nconcept guides. See 'git help <command>' or 'git help <concept>'\nto read about a specific subcommand or concept.\nSee 'git help git' for an overview of the system.\n""
[0m01:42:56.817134 [debug] [MainThread]: STDERR: "b''"
[0m01:42:56.817134 [info ] [MainThread]:  - git [[32mOK found[0m]

[0m01:42:56.818150 [info ] [MainThread]: Connection:
[0m01:42:56.819322 [info ] [MainThread]:   method: oauth
[0m01:42:56.820210 [info ] [MainThread]:   database: dbtprojects1
[0m01:42:56.821061 [info ] [MainThread]:   execution_project: dbtprojects1
[0m01:42:56.822077 [info ] [MainThread]:   schema: attribution_pipeline
[0m01:42:56.822680 [info ] [MainThread]:   location: US
[0m01:42:56.823823 [info ] [MainThread]:   priority: interactive
[0m01:42:56.825872 [info ] [MainThread]:   maximum_bytes_billed: None
[0m01:42:56.826913 [info ] [MainThread]:   impersonate_service_account: None
[0m01:42:56.829870 [info ] [MainThread]:   job_retry_deadline_seconds: None
[0m01:42:56.831867 [info ] [MainThread]:   job_retries: 1
[0m01:42:56.832864 [info ] [MainThread]:   job_creation_timeout_seconds: None
[0m01:42:56.834106 [info ] [MainThread]:   job_execution_timeout_seconds: 300
[0m01:42:56.835117 [info ] [MainThread]:   timeout_seconds: 300
[0m01:42:56.837126 [info ] [MainThread]:   client_id: None
[0m01:42:56.839100 [info ] [MainThread]:   token_uri: None
[0m01:42:56.840302 [info ] [MainThread]:   compute_region: None
[0m01:42:56.841609 [info ] [MainThread]:   dataproc_cluster_name: None
[0m01:42:56.841609 [info ] [MainThread]:   gcs_bucket: None
[0m01:42:56.844229 [info ] [MainThread]:   dataproc_batch: None
[0m01:42:56.847085 [info ] [MainThread]: Registered adapter: bigquery=1.10.3
[0m01:42:57.935397 [debug] [MainThread]: Acquiring new bigquery connection 'debug'
[0m01:42:57.936388 [debug] [MainThread]: On debug: select 1 as id
[0m01:42:57.937352 [debug] [MainThread]: Opening a new connection, currently in state init
[0m01:43:09.775256 [debug] [MainThread]: BigQuery adapter: Got an error when attempting to create a bigquery " "client: 'Runtime Error
  Failed to authenticate with supplied credentials
  error:
  Your default credentials were not found. To set up Application Default Credentials, see https://cloud.google.com/docs/authentication/external/set-up-adc for more information.'
[0m01:43:09.777256 [debug] [MainThread]: BigQuery adapter: Unhandled error while running:
select 1 as id
[0m01:43:09.779275 [debug] [MainThread]: BigQuery adapter: Database Error
  Runtime Error
    Failed to authenticate with supplied credentials
    error:
    Your default credentials were not found. To set up Application Default Credentials, see https://cloud.google.com/docs/authentication/external/set-up-adc for more information.
[0m01:43:09.780259 [info ] [MainThread]:   Connection test: [[31mERROR[0m]

[0m01:43:09.782255 [info ] [MainThread]: [31m2 checks failed:[0m
[0m01:43:09.784260 [info ] [MainThread]: Project loading failed for the following reason:
 project path <C:\Users\sudar\Downloads\real_time_attribution\dbt_project.yml> not found

[0m01:43:09.786256 [info ] [MainThread]: dbt was unable to connect to the specified database.
The database returned the following error:

  >'NoneType' object has no attribute 'close'

Check your database credentials and try again. For more information, visit:
https://docs.getdbt.com/docs/configure-your-profile


[0m01:43:09.790255 [debug] [MainThread]: Command `dbt debug` failed at 01:43:09.790255 after 21.05 seconds
[0m01:43:09.792255 [debug] [MainThread]: Sending event: {'category': 'dbt', 'action': 'invocation', 'label': 'end', 'context': [<snowplow_tracker.self_describing_json.SelfDescribingJson object at 0x00000245B1733DD0>, <snowplow_tracker.self_describing_json.SelfDescribingJson object at 0x00000245CFFAC890>, <snowplow_tracker.self_describing_json.SelfDescribingJson object at 0x00000245A8FC3490>]}
[0m01:43:09.793261 [debug] [MainThread]: Flushing usage events
[0m01:43:10.753454 [debug] [MainThread]: An error was encountered while trying to flush usage events
[0m02:22:51.945850 [debug] [MainThread]: Sending event: {'category': 'dbt', 'action': 'invocation', 'label': 'start', 'context': [<snowplow_tracker.self_describing_json.SelfDescribingJson object at 0x00000231A66DCE10>, <snowplow_tracker.self_describing_json.SelfDescribingJson object at 0x00000231A6717790>, <snowplow_tracker.self_describing_json.SelfDescribingJson object at 0x00000231A67170D0>]}


============================== 02:22:51.959629 | cd2d03bb-502d-44e2-8d87-142b8a3bf92a ==============================
[0m02:22:51.959629 [info ] [MainThread]: Running with dbt=1.11.0-rc2
[0m02:22:51.962111 [debug] [MainThread]: running dbt with arguments {'target_path': 'None', 'invocation_command': 'dbt debug', 'printer_width': '80', 'log_format': 'default', 'profiles_dir': 'C:\\Users\\sudar\\.dbt', 'warn_error': 'None', 'static_parser': 'True', 'fail_fast': 'False', 'log_path': 'logs', 'send_anonymous_usage_stats': 'True', 'partial_parse': 'True', 'warn_error_options': 'WarnErrorOptionsV2(error=[], warn=[], silence=[])', 'indirect_selection': 'eager', 'version_check': 'True', 'use_experimental_parser': 'False', 'quiet': 'False', 'introspect': 'True', 'empty': 'None', 'log_cache_events': 'False', 'debug': 'False', 'no_print': 'None', 'use_colors': 'True', 'cache_selected_only': 'False', 'write_json': 'True'}
[0m02:22:52.023505 [info ] [MainThread]: dbt version: 1.11.0-rc2
[0m02:22:52.027522 [info ] [MainThread]: python version: 3.11.9
[0m02:22:52.028519 [info ] [MainThread]: python path: C:\Users\sudar\AppData\Local\Microsoft\WindowsApps\PythonSoftwareFoundation.Python.3.11_qbz5n2kfra8p0\python.exe
[0m02:22:52.029518 [info ] [MainThread]: os info: Windows-10-10.0.26100-SP0
[0m02:23:02.434718 [info ] [MainThread]: Using profiles dir at C:\Users\sudar\.dbt
[0m02:23:02.435733 [info ] [MainThread]: Using profiles.yml file at C:\Users\sudar\.dbt\profiles.yml
[0m02:23:02.436760 [info ] [MainThread]: Using dbt_project.yml file at C:\Users\sudar\Downloads\real_time_attribution\dbt_project.yml
[0m02:23:02.437731 [info ] [MainThread]: adapter type: bigquery
[0m02:23:02.439213 [info ] [MainThread]: adapter version: 1.10.3
[0m02:23:02.440587 [info ] [MainThread]: Configuration:
[0m02:23:02.441613 [info ] [MainThread]:   profiles.yml file [[32mOK found and valid[0m]
[0m02:23:02.443129 [info ] [MainThread]:   dbt_project.yml file [[31mERROR not found[0m]
[0m02:23:02.444290 [info ] [MainThread]: Required dependencies:
[0m02:23:02.445733 [debug] [MainThread]: Executing "git --help"
[0m02:23:02.503721 [debug] [MainThread]: STDOUT: "b"usage: git [-v | --version] [-h | --help] [-C <path>] [-c <name>=<value>]\n           [--exec-path[=<path>]] [--html-path] [--man-path] [--info-path]\n           [-p | --paginate | -P | --no-pager] [--no-replace-objects] [--bare]\n           [--git-dir=<path>] [--work-tree=<path>] [--namespace=<name>]\n           [--config-env=<name>=<envvar>] <command> [<args>]\n\nThese are common Git commands used in various situations:\n\nstart a working area (see also: git help tutorial)\n   clone     Clone a repository into a new directory\n   init      Create an empty Git repository or reinitialize an existing one\n\nwork on the current change (see also: git help everyday)\n   add       Add file contents to the index\n   mv        Move or rename a file, a directory, or a symlink\n   restore   Restore working tree files\n   rm        Remove files from the working tree and from the index\n\nexamine the history and state (see also: git help revisions)\n   bisect    Use binary search to find the commit that introduced a bug\n   diff      Show changes between commits, commit and working tree, etc\n   grep      Print lines matching a pattern\n   log       Show commit logs\n   show      Show various types of objects\n   status    Show the working tree status\n\ngrow, mark and tweak your common history\n   branch    List, create, or delete branches\n   commit    Record changes to the repository\n   merge     Join two or more development histories together\n   rebase    Reapply commits on top of another base tip\n   reset     Reset current HEAD to the specified state\n   switch    Switch branches\n   tag       Create, list, delete or verify a tag object signed with GPG\n\ncollaborate (see also: git help workflows)\n   fetch     Download objects and refs from another repository\n   pull      Fetch from and integrate with another repository or a local branch\n   push      Update remote refs along with associated objects\n\n'git help -a' and 'git help -g' list available subcommands and some\nconcept guides. See 'git help <command>' or 'git help <concept>'\nto read about a specific subcommand or concept.\nSee 'git help git' for an overview of the system.\n""
[0m02:23:02.504719 [debug] [MainThread]: STDERR: "b''"
[0m02:23:02.505720 [info ] [MainThread]:  - git [[32mOK found[0m]

[0m02:23:02.506719 [info ] [MainThread]: Connection:
[0m02:23:02.507719 [info ] [MainThread]:   method: oauth
[0m02:23:02.508719 [info ] [MainThread]:   database: dbtprojects1
[0m02:23:02.508719 [info ] [MainThread]:   execution_project: dbtprojects1
[0m02:23:02.509743 [info ] [MainThread]:   schema: attribution_pipeline
[0m02:23:02.509743 [info ] [MainThread]:   location: US
[0m02:23:02.511072 [info ] [MainThread]:   priority: interactive
[0m02:23:02.511072 [info ] [MainThread]:   maximum_bytes_billed: None
[0m02:23:02.512440 [info ] [MainThread]:   impersonate_service_account: None
[0m02:23:02.514626 [info ] [MainThread]:   job_retry_deadline_seconds: None
[0m02:23:02.515642 [info ] [MainThread]:   job_retries: 1
[0m02:23:02.516637 [info ] [MainThread]:   job_creation_timeout_seconds: None
[0m02:23:02.517639 [info ] [MainThread]:   job_execution_timeout_seconds: 300
[0m02:23:02.520643 [info ] [MainThread]:   timeout_seconds: 300
[0m02:23:02.522642 [info ] [MainThread]:   client_id: None
[0m02:23:02.523688 [info ] [MainThread]:   token_uri: None
[0m02:23:02.524912 [info ] [MainThread]:   compute_region: None
[0m02:23:02.526241 [info ] [MainThread]:   dataproc_cluster_name: None
[0m02:23:02.527244 [info ] [MainThread]:   gcs_bucket: None
[0m02:23:02.528241 [info ] [MainThread]:   dataproc_batch: None
[0m02:23:02.529240 [info ] [MainThread]: Registered adapter: bigquery=1.10.3
[0m02:23:03.601791 [debug] [MainThread]: Acquiring new bigquery connection 'debug'
[0m02:23:03.602846 [debug] [MainThread]: On debug: select 1 as id
[0m02:23:03.603816 [debug] [MainThread]: Opening a new connection, currently in state init
[0m02:23:07.206388 [debug] [MainThread]: BigQuery adapter: https://console.cloud.google.com/bigquery?project=dbtprojects1&j=bq:US:a18239c4-008b-4a94-86ca-7b2eab0b058c&page=queryresults
[0m02:23:13.401203 [info ] [MainThread]:   Connection test: [[32mOK connection ok[0m]

[0m02:23:13.405208 [info ] [MainThread]: [31m1 check failed:[0m
[0m02:23:13.408300 [info ] [MainThread]: Project loading failed for the following reason:
 project path <C:\Users\sudar\Downloads\real_time_attribution\dbt_project.yml> not found

[0m02:23:13.418351 [debug] [MainThread]: Command `dbt debug` failed at 02:23:13.417264 after 21.63 seconds
[0m02:23:13.421351 [debug] [MainThread]: Connection 'debug' was properly closed.
[0m02:23:13.424335 [debug] [MainThread]: Sending event: {'category': 'dbt', 'action': 'invocation', 'label': 'end', 'context': [<snowplow_tracker.self_describing_json.SelfDescribingJson object at 0x00000231A669BE50>, <snowplow_tracker.self_describing_json.SelfDescribingJson object at 0x00000231C639FD50>, <snowplow_tracker.self_describing_json.SelfDescribingJson object at 0x00000231A04F3750>]}
[0m02:23:13.427472 [debug] [MainThread]: Flushing usage events
[0m02:23:14.384730 [debug] [MainThread]: An error was encountered while trying to flush usage events
[0m02:24:17.238312 [debug] [MainThread]: Sending event: {'category': 'dbt', 'action': 'invocation', 'label': 'start', 'context': [<snowplow_tracker.self_describing_json.SelfDescribingJson object at 0x0000028AA7E136D0>, <snowplow_tracker.self_describing_json.SelfDescribingJson object at 0x0000028AA7D8F5D0>, <snowplow_tracker.self_describing_json.SelfDescribingJson object at 0x0000028AA7D8EE50>]}


============================== 02:24:17.249312 | 615382c7-4568-4718-945d-3a06f4fa9d54 ==============================
[0m02:24:17.249312 [info ] [MainThread]: Running with dbt=1.11.0-rc2
[0m02:24:17.251332 [debug] [MainThread]: running dbt with arguments {'log_format': 'default', 'no_print': 'None', 'target_path': 'None', 'cache_selected_only': 'False', 'use_colors': 'True', 'warn_error': 'None', 'static_parser': 'True', 'partial_parse': 'True', 'indirect_selection': 'eager', 'send_anonymous_usage_stats': 'True', 'fail_fast': 'False', 'warn_error_options': 'WarnErrorOptionsV2(error=[], warn=[], silence=[])', 'log_path': 'logs', 'version_check': 'True', 'use_experimental_parser': 'False', 'introspect': 'True', 'quiet': 'False', 'empty': 'None', 'log_cache_events': 'False', 'debug': 'False', 'profiles_dir': 'C:\\Users\\sudar\\.dbt', 'invocation_command': 'dbt debug', 'printer_width': '80', 'write_json': 'True'}
[0m02:24:17.300508 [info ] [MainThread]: dbt version: 1.11.0-rc2
[0m02:24:17.302510 [info ] [MainThread]: python version: 3.11.9
[0m02:24:17.304516 [info ] [MainThread]: python path: C:\Users\sudar\AppData\Local\Microsoft\WindowsApps\PythonSoftwareFoundation.Python.3.11_qbz5n2kfra8p0\python.exe
[0m02:24:17.306512 [info ] [MainThread]: os info: Windows-10-10.0.26100-SP0
[0m02:24:28.677152 [info ] [MainThread]: Using profiles dir at C:\Users\sudar\.dbt
[0m02:24:28.678122 [info ] [MainThread]: Using profiles.yml file at C:\Users\sudar\.dbt\profiles.yml
[0m02:24:28.679136 [info ] [MainThread]: Using dbt_project.yml file at C:\Users\sudar\Downloads\real_time_attribution\dbt_project.yml
[0m02:24:28.680144 [info ] [MainThread]: adapter type: bigquery
[0m02:24:28.681159 [info ] [MainThread]: adapter version: 1.10.3
[0m02:24:28.682345 [info ] [MainThread]: Configuration:
[0m02:24:28.683506 [info ] [MainThread]:   profiles.yml file [[32mOK found and valid[0m]
[0m02:24:28.685013 [info ] [MainThread]:   dbt_project.yml file [[31mERROR not found[0m]
[0m02:24:28.686057 [info ] [MainThread]: Required dependencies:
[0m02:24:28.687074 [debug] [MainThread]: Executing "git --help"
[0m02:24:28.746056 [debug] [MainThread]: STDOUT: "b"usage: git [-v | --version] [-h | --help] [-C <path>] [-c <name>=<value>]\n           [--exec-path[=<path>]] [--html-path] [--man-path] [--info-path]\n           [-p | --paginate | -P | --no-pager] [--no-replace-objects] [--bare]\n           [--git-dir=<path>] [--work-tree=<path>] [--namespace=<name>]\n           [--config-env=<name>=<envvar>] <command> [<args>]\n\nThese are common Git commands used in various situations:\n\nstart a working area (see also: git help tutorial)\n   clone     Clone a repository into a new directory\n   init      Create an empty Git repository or reinitialize an existing one\n\nwork on the current change (see also: git help everyday)\n   add       Add file contents to the index\n   mv        Move or rename a file, a directory, or a symlink\n   restore   Restore working tree files\n   rm        Remove files from the working tree and from the index\n\nexamine the history and state (see also: git help revisions)\n   bisect    Use binary search to find the commit that introduced a bug\n   diff      Show changes between commits, commit and working tree, etc\n   grep      Print lines matching a pattern\n   log       Show commit logs\n   show      Show various types of objects\n   status    Show the working tree status\n\ngrow, mark and tweak your common history\n   branch    List, create, or delete branches\n   commit    Record changes to the repository\n   merge     Join two or more development histories together\n   rebase    Reapply commits on top of another base tip\n   reset     Reset current HEAD to the specified state\n   switch    Switch branches\n   tag       Create, list, delete or verify a tag object signed with GPG\n\ncollaborate (see also: git help workflows)\n   fetch     Download objects and refs from another repository\n   pull      Fetch from and integrate with another repository or a local branch\n   push      Update remote refs along with associated objects\n\n'git help -a' and 'git help -g' list available subcommands and some\nconcept guides. See 'git help <command>' or 'git help <concept>'\nto read about a specific subcommand or concept.\nSee 'git help git' for an overview of the system.\n""
[0m02:24:28.747080 [debug] [MainThread]: STDERR: "b''"
[0m02:24:28.747080 [info ] [MainThread]:  - git [[32mOK found[0m]

[0m02:24:28.748056 [info ] [MainThread]: Connection:
[0m02:24:28.749054 [info ] [MainThread]:   method: oauth
[0m02:24:28.751113 [info ] [MainThread]:   database: dbtprojects1
[0m02:24:28.751113 [info ] [MainThread]:   execution_project: dbtprojects1
[0m02:24:28.752125 [info ] [MainThread]:   schema: attribution_pipeline
[0m02:24:28.753128 [info ] [MainThread]:   location: US
[0m02:24:28.755175 [info ] [MainThread]:   priority: interactive
[0m02:24:28.756409 [info ] [MainThread]:   maximum_bytes_billed: None
[0m02:24:28.756409 [info ] [MainThread]:   impersonate_service_account: None
[0m02:24:28.757408 [info ] [MainThread]:   job_retry_deadline_seconds: None
[0m02:24:28.758407 [info ] [MainThread]:   job_retries: 1
[0m02:24:28.759433 [info ] [MainThread]:   job_creation_timeout_seconds: None
[0m02:24:28.760598 [info ] [MainThread]:   job_execution_timeout_seconds: 300
[0m02:24:28.760598 [info ] [MainThread]:   timeout_seconds: 300
[0m02:24:28.762007 [info ] [MainThread]:   client_id: None
[0m02:24:28.763006 [info ] [MainThread]:   token_uri: None
[0m02:24:28.765217 [info ] [MainThread]:   compute_region: None
[0m02:24:28.768240 [info ] [MainThread]:   dataproc_cluster_name: None
[0m02:24:28.770282 [info ] [MainThread]:   gcs_bucket: None
[0m02:24:28.771305 [info ] [MainThread]:   dataproc_batch: None
[0m02:24:28.773828 [info ] [MainThread]: Registered adapter: bigquery=1.10.3
[0m02:24:30.128443 [debug] [MainThread]: Acquiring new bigquery connection 'debug'
[0m02:24:30.129443 [debug] [MainThread]: On debug: select 1 as id
[0m02:24:30.130443 [debug] [MainThread]: Opening a new connection, currently in state init
[0m02:24:34.379770 [debug] [MainThread]: BigQuery adapter: https://console.cloud.google.com/bigquery?project=dbtprojects1&j=bq:US:716ad5ee-ddbb-46c3-81ff-794751ea40e1&page=queryresults
[0m02:24:35.698478 [info ] [MainThread]:   Connection test: [[32mOK connection ok[0m]

[0m02:24:35.701545 [info ] [MainThread]: [31m1 check failed:[0m
[0m02:24:35.706469 [info ] [MainThread]: Project loading failed for the following reason:
 project path <C:\Users\sudar\Downloads\real_time_attribution\dbt_project.yml> not found

[0m02:24:35.713797 [debug] [MainThread]: Command `dbt debug` failed at 02:24:35.713797 after 18.72 seconds
[0m02:24:35.717340 [debug] [MainThread]: Connection 'debug' was properly closed.
[0m02:24:35.719391 [debug] [MainThread]: Sending event: {'category': 'dbt', 'action': 'invocation', 'label': 'end', 'context': [<snowplow_tracker.self_describing_json.SelfDescribingJson object at 0x0000028AC6A97E90>, <snowplow_tracker.self_describing_json.SelfDescribingJson object at 0x0000028AA1C636D0>, <snowplow_tracker.self_describing_json.SelfDescribingJson object at 0x0000028AA7D8F910>]}
[0m02:24:35.722589 [debug] [MainThread]: Flushing usage events
[0m02:24:40.398512 [debug] [MainThread]: An error was encountered while trying to flush usage events
[0m02:24:50.013467 [debug] [MainThread]: Sending event: {'category': 'dbt', 'action': 'invocation', 'label': 'start', 'context': [<snowplow_tracker.self_describing_json.SelfDescribingJson object at 0x000001A627B968D0>, <snowplow_tracker.self_describing_json.SelfDescribingJson object at 0x000001A627B97FD0>, <snowplow_tracker.self_describing_json.SelfDescribingJson object at 0x000001A627B95F90>]}


============================== 02:24:50.018975 | 1268b379-72bf-4db5-85b7-56b54d68777e ==============================
[0m02:24:50.018975 [info ] [MainThread]: Running with dbt=1.11.0-rc2
[0m02:24:50.019971 [debug] [MainThread]: running dbt with arguments {'no_print': 'None', 'log_format': 'default', 'invocation_command': 'dbt debug', 'cache_selected_only': 'False', 'write_json': 'True', 'warn_error': 'None', 'static_parser': 'True', 'partial_parse': 'True', 'log_path': 'C:\\Users\\sudar\\Downloads\\real_time_attribution\\logs', 'send_anonymous_usage_stats': 'True', 'indirect_selection': 'eager', 'warn_error_options': 'WarnErrorOptionsV2(error=[], warn=[], silence=[])', 'fail_fast': 'False', 'use_experimental_parser': 'False', 'version_check': 'True', 'introspect': 'True', 'quiet': 'False', 'empty': 'None', 'log_cache_events': 'False', 'debug': 'False', 'profiles_dir': 'C:\\Users\\sudar\\.dbt', 'use_colors': 'True', 'printer_width': '80', 'target_path': 'None'}
[0m02:24:50.044258 [info ] [MainThread]: dbt version: 1.11.0-rc2
[0m02:24:50.044771 [info ] [MainThread]: python version: 3.11.9
[0m02:24:50.045823 [info ] [MainThread]: python path: C:\Users\sudar\AppData\Local\Microsoft\WindowsApps\PythonSoftwareFoundation.Python.3.11_qbz5n2kfra8p0\python.exe
[0m02:24:50.046784 [info ] [MainThread]: os info: Windows-10-10.0.26100-SP0
[0m02:24:57.593081 [info ] [MainThread]: Using profiles dir at C:\Users\sudar\.dbt
[0m02:24:57.595039 [info ] [MainThread]: Using profiles.yml file at C:\Users\sudar\.dbt\profiles.yml
[0m02:24:57.597034 [info ] [MainThread]: Using dbt_project.yml file at C:\Users\sudar\Downloads\real_time_attribution\dbt_project.yml
[0m02:24:57.599028 [info ] [MainThread]: adapter type: bigquery
[0m02:24:57.600066 [info ] [MainThread]: adapter version: 1.10.3
[0m02:24:57.865869 [info ] [MainThread]: Configuration:
[0m02:24:57.866891 [info ] [MainThread]:   profiles.yml file [[32mOK found and valid[0m]
[0m02:24:57.867873 [info ] [MainThread]:   dbt_project.yml file [[32mOK found and valid[0m]
[0m02:24:57.869193 [info ] [MainThread]: Required dependencies:
[0m02:24:57.870235 [debug] [MainThread]: Executing "git --help"
[0m02:24:57.924979 [debug] [MainThread]: STDOUT: "b"usage: git [-v | --version] [-h | --help] [-C <path>] [-c <name>=<value>]\n           [--exec-path[=<path>]] [--html-path] [--man-path] [--info-path]\n           [-p | --paginate | -P | --no-pager] [--no-replace-objects] [--bare]\n           [--git-dir=<path>] [--work-tree=<path>] [--namespace=<name>]\n           [--config-env=<name>=<envvar>] <command> [<args>]\n\nThese are common Git commands used in various situations:\n\nstart a working area (see also: git help tutorial)\n   clone     Clone a repository into a new directory\n   init      Create an empty Git repository or reinitialize an existing one\n\nwork on the current change (see also: git help everyday)\n   add       Add file contents to the index\n   mv        Move or rename a file, a directory, or a symlink\n   restore   Restore working tree files\n   rm        Remove files from the working tree and from the index\n\nexamine the history and state (see also: git help revisions)\n   bisect    Use binary search to find the commit that introduced a bug\n   diff      Show changes between commits, commit and working tree, etc\n   grep      Print lines matching a pattern\n   log       Show commit logs\n   show      Show various types of objects\n   status    Show the working tree status\n\ngrow, mark and tweak your common history\n   branch    List, create, or delete branches\n   commit    Record changes to the repository\n   merge     Join two or more development histories together\n   rebase    Reapply commits on top of another base tip\n   reset     Reset current HEAD to the specified state\n   switch    Switch branches\n   tag       Create, list, delete or verify a tag object signed with GPG\n\ncollaborate (see also: git help workflows)\n   fetch     Download objects and refs from another repository\n   pull      Fetch from and integrate with another repository or a local branch\n   push      Update remote refs along with associated objects\n\n'git help -a' and 'git help -g' list available subcommands and some\nconcept guides. See 'git help <command>' or 'git help <concept>'\nto read about a specific subcommand or concept.\nSee 'git help git' for an overview of the system.\n""
[0m02:24:57.926012 [debug] [MainThread]: STDERR: "b''"
[0m02:24:57.926012 [info ] [MainThread]:  - git [[32mOK found[0m]

[0m02:24:57.926969 [info ] [MainThread]: Connection:
[0m02:24:57.928972 [info ] [MainThread]:   method: oauth
[0m02:24:57.929971 [info ] [MainThread]:   database: dbtprojects1
[0m02:24:57.930970 [info ] [MainThread]:   execution_project: dbtprojects1
[0m02:24:57.930970 [info ] [MainThread]:   schema: attribution_pipeline
[0m02:24:57.931968 [info ] [MainThread]:   location: US
[0m02:24:57.932998 [info ] [MainThread]:   priority: interactive
[0m02:24:57.935482 [info ] [MainThread]:   maximum_bytes_billed: None
[0m02:24:57.936481 [info ] [MainThread]:   impersonate_service_account: None
[0m02:24:57.937620 [info ] [MainThread]:   job_retry_deadline_seconds: None
[0m02:24:57.937620 [info ] [MainThread]:   job_retries: 1
[0m02:24:57.938793 [info ] [MainThread]:   job_creation_timeout_seconds: None
[0m02:24:57.939806 [info ] [MainThread]:   job_execution_timeout_seconds: 300
[0m02:24:57.940823 [info ] [MainThread]:   timeout_seconds: 300
[0m02:24:57.941797 [info ] [MainThread]:   client_id: None
[0m02:24:57.942800 [info ] [MainThread]:   token_uri: None
[0m02:24:57.943977 [info ] [MainThread]:   compute_region: None
[0m02:24:57.947094 [info ] [MainThread]:   dataproc_cluster_name: None
[0m02:24:57.948050 [info ] [MainThread]:   gcs_bucket: None
[0m02:24:57.949536 [info ] [MainThread]:   dataproc_batch: None
[0m02:24:57.950532 [info ] [MainThread]: Registered adapter: bigquery=1.10.3
[0m02:24:59.011247 [debug] [MainThread]: Acquiring new bigquery connection 'debug'
[0m02:24:59.012247 [debug] [MainThread]: On debug: select 1 as id
[0m02:24:59.012247 [debug] [MainThread]: Opening a new connection, currently in state init
[0m02:25:28.686590 [debug] [MainThread]: BigQuery adapter: https://console.cloud.google.com/bigquery?project=dbtprojects1&j=bq:US:9d7e6fe6-710c-4389-a513-da49a205c8bc&page=queryresults
[0m02:25:29.779221 [info ] [MainThread]:   Connection test: [[32mOK connection ok[0m]

[0m02:25:29.780182 [info ] [MainThread]: [32mAll checks passed![0m
[0m02:25:29.783179 [debug] [MainThread]: Command `dbt debug` succeeded at 02:25:29.782180 after 39.88 seconds
[0m02:25:29.784182 [debug] [MainThread]: Connection 'debug' was properly closed.
[0m02:25:29.784182 [debug] [MainThread]: Sending event: {'category': 'dbt', 'action': 'invocation', 'label': 'end', 'context': [<snowplow_tracker.self_describing_json.SelfDescribingJson object at 0x000001A621C612D0>, <snowplow_tracker.self_describing_json.SelfDescribingJson object at 0x000001A627B95D50>, <snowplow_tracker.self_describing_json.SelfDescribingJson object at 0x000001A625C73AD0>]}
[0m02:25:29.785179 [debug] [MainThread]: Flushing usage events
[0m02:25:34.110587 [debug] [MainThread]: An error was encountered while trying to flush usage events
[0m13:12:41.298818 [debug] [MainThread]: Sending event: {'category': 'dbt', 'action': 'invocation', 'label': 'start', 'context': [<snowplow_tracker.self_describing_json.SelfDescribingJson object at 0x00000178F7A97290>, <snowplow_tracker.self_describing_json.SelfDescribingJson object at 0x00000178F7AD9990>, <snowplow_tracker.self_describing_json.SelfDescribingJson object at 0x00000178F7ADA5D0>]}


============================== 13:12:41.347896 | ba72ee1c-5b75-4586-81e8-da3c7d7ab53c ==============================
[0m13:12:41.347896 [info ] [MainThread]: Running with dbt=1.11.0-rc2
[0m13:12:41.348859 [debug] [MainThread]: running dbt with arguments {'write_json': 'True', 'log_format': 'default', 'invocation_command': 'dbt run --select stg_ga4_events', 'printer_width': '80', 'profiles_dir': 'C:\\Users\\sudar\\.dbt', 'warn_error': 'None', 'log_path': 'C:\\Users\\sudar\\Downloads\\real_time_attribution\\logs', 'fail_fast': 'False', 'partial_parse': 'True', 'send_anonymous_usage_stats': 'True', 'indirect_selection': 'eager', 'warn_error_options': 'WarnErrorOptionsV2(error=[], warn=[], silence=[])', 'static_parser': 'True', 'use_experimental_parser': 'False', 'version_check': 'True', 'quiet': 'False', 'introspect': 'True', 'empty': 'False', 'log_cache_events': 'False', 'debug': 'False', 'no_print': 'None', 'use_colors': 'True', 'cache_selected_only': 'False', 'target_path': 'None'}
[0m13:13:43.133048 [debug] [MainThread]: Sending event: {'category': 'dbt', 'action': 'project_id', 'label': 'ba72ee1c-5b75-4586-81e8-da3c7d7ab53c', 'context': [<snowplow_tracker.self_describing_json.SelfDescribingJson object at 0x0000017896E43650>]}
[0m13:13:43.247718 [debug] [MainThread]: Sending event: {'category': 'dbt', 'action': 'adapter_info', 'label': 'ba72ee1c-5b75-4586-81e8-da3c7d7ab53c', 'context': [<snowplow_tracker.self_describing_json.SelfDescribingJson object at 0x00000178F28AF090>]}
[0m13:13:43.248719 [info ] [MainThread]: Registered adapter: bigquery=1.10.3
[0m13:13:44.756563 [debug] [MainThread]: checksum: f420ac8df49db4abf21b04814d8cfdc71f6e486d41e3092ed54ec7aa440e7a3c, vars: {}, profile: , target: , version: 1.11.0rc2
[0m13:13:44.758616 [info ] [MainThread]: Unable to do partial parsing because saved manifest not found. Starting full parse.
[0m13:13:44.759573 [debug] [MainThread]: Sending event: {'category': 'dbt', 'action': 'partial_parser', 'label': 'ba72ee1c-5b75-4586-81e8-da3c7d7ab53c', 'context': [<snowplow_tracker.self_describing_json.SelfDescribingJson object at 0x0000017896F1A390>]}
[0m13:13:49.243870 [warn ] [MainThread]: [[33mWARNING[0m]: Configuration paths exist in your dbt_project.yml file which do not apply to any resources.
There are 1 unused configuration paths:
- models.attribution_project.example
[0m13:13:49.250198 [debug] [MainThread]: Sending event: {'category': 'dbt', 'action': 'load_project', 'label': 'ba72ee1c-5b75-4586-81e8-da3c7d7ab53c', 'context': [<snowplow_tracker.self_describing_json.SelfDescribingJson object at 0x000001789837BB10>]}
[0m13:13:49.310333 [debug] [MainThread]: Wrote artifact WritableManifest to C:\Users\sudar\Downloads\real_time_attribution\target\manifest.json
[0m13:13:49.313953 [debug] [MainThread]: Wrote artifact SemanticManifest to C:\Users\sudar\Downloads\real_time_attribution\target\semantic_manifest.json
[0m13:13:49.751894 [debug] [MainThread]: Sending event: {'category': 'dbt', 'action': 'resource_counts', 'label': 'ba72ee1c-5b75-4586-81e8-da3c7d7ab53c', 'context': [<snowplow_tracker.self_describing_json.SelfDescribingJson object at 0x0000017898550290>]}
[0m13:13:49.752916 [info ] [MainThread]: Found 520 macros
[0m13:13:49.754896 [debug] [MainThread]: Sending event: {'category': 'dbt', 'action': 'runnable_timing', 'label': 'ba72ee1c-5b75-4586-81e8-da3c7d7ab53c', 'context': [<snowplow_tracker.self_describing_json.SelfDescribingJson object at 0x00000178F7A8FA50>]}
[0m13:13:49.756929 [warn ] [MainThread]: The selection criterion 'stg_ga4_events' does not match any enabled nodes
[0m13:13:49.758948 [warn ] [MainThread]: Nothing to do. Try checking your model configs and model specification args
[0m13:13:49.761317 [debug] [MainThread]: Command end result
[0m13:13:49.811971 [debug] [MainThread]: Wrote artifact WritableManifest to C:\Users\sudar\Downloads\real_time_attribution\target\manifest.json
[0m13:13:49.815978 [debug] [MainThread]: Wrote artifact SemanticManifest to C:\Users\sudar\Downloads\real_time_attribution\target\semantic_manifest.json
[0m13:13:49.822262 [debug] [MainThread]: Wrote artifact RunExecutionResult to C:\Users\sudar\Downloads\real_time_attribution\target\run_results.json
[0m13:13:49.827067 [debug] [MainThread]: Command `dbt run` succeeded at 13:13:49.825633 after 68.69 seconds
[0m13:13:49.828085 [debug] [MainThread]: Sending event: {'category': 'dbt', 'action': 'invocation', 'label': 'end', 'context': [<snowplow_tracker.self_describing_json.SelfDescribingJson object at 0x00000178F7B302D0>, <snowplow_tracker.self_describing_json.SelfDescribingJson object at 0x00000178F7B32390>, <snowplow_tracker.self_describing_json.SelfDescribingJson object at 0x00000178F1B5D490>]}
[0m13:13:49.830241 [debug] [MainThread]: Flushing usage events
[0m13:13:50.854555 [debug] [MainThread]: An error was encountered while trying to flush usage events
[0m13:14:34.421475 [debug] [MainThread]: Sending event: {'category': 'dbt', 'action': 'invocation', 'label': 'start', 'context': [<snowplow_tracker.self_describing_json.SelfDescribingJson object at 0x000001D5F087BA50>, <snowplow_tracker.self_describing_json.SelfDescribingJson object at 0x000001D5F08ACE10>, <snowplow_tracker.self_describing_json.SelfDescribingJson object at 0x000001D5F59A7C50>]}


============================== 13:14:34.428223 | f2d52b45-f897-4b3f-b005-aa5aa022456b ==============================
[0m13:14:34.428223 [info ] [MainThread]: Running with dbt=1.11.0-rc2
[0m13:14:34.429343 [debug] [MainThread]: running dbt with arguments {'cache_selected_only': 'False', 'profiles_dir': 'C:\\Users\\sudar\\.dbt', 'target_path': 'None', 'use_colors': 'True', 'log_format': 'default', 'warn_error': 'None', 'indirect_selection': 'eager', 'partial_parse': 'True', 'fail_fast': 'False', 'send_anonymous_usage_stats': 'True', 'static_parser': 'True', 'warn_error_options': 'WarnErrorOptionsV2(error=[], warn=[], silence=[])', 'log_path': 'C:\\Users\\sudar\\Downloads\\real_time_attribution\\logs', 'use_experimental_parser': 'False', 'version_check': 'True', 'introspect': 'True', 'quiet': 'False', 'empty': 'False', 'log_cache_events': 'False', 'debug': 'False', 'no_print': 'None', 'invocation_command': 'dbt run --select staging/stg_ga4_events', 'printer_width': '80', 'write_json': 'True'}
[0m13:14:41.824147 [debug] [MainThread]: Sending event: {'category': 'dbt', 'action': 'project_id', 'label': 'f2d52b45-f897-4b3f-b005-aa5aa022456b', 'context': [<snowplow_tracker.self_describing_json.SelfDescribingJson object at 0x000001D594D9E310>]}
[0m13:14:41.916084 [debug] [MainThread]: Sending event: {'category': 'dbt', 'action': 'adapter_info', 'label': 'f2d52b45-f897-4b3f-b005-aa5aa022456b', 'context': [<snowplow_tracker.self_describing_json.SelfDescribingJson object at 0x000001D5F08AE750>]}
[0m13:14:41.917047 [info ] [MainThread]: Registered adapter: bigquery=1.10.3
[0m13:14:42.975695 [debug] [MainThread]: checksum: f420ac8df49db4abf21b04814d8cfdc71f6e486d41e3092ed54ec7aa440e7a3c, vars: {}, profile: , target: , version: 1.11.0rc2
[0m13:14:43.133850 [debug] [MainThread]: Partial parsing enabled: 0 files deleted, 0 files added, 0 files changed.
[0m13:14:43.134849 [debug] [MainThread]: Nothing changed, skipping partial parsing.
[0m13:14:43.134849 [debug] [MainThread]: Partial parsing enabled, no changes found, skipping parsing
[0m13:14:43.136851 [warn ] [MainThread]: [[33mWARNING[0m]: Configuration paths exist in your dbt_project.yml file which do not apply to any resources.
There are 1 unused configuration paths:
- models.attribution_project.example
[0m13:14:43.142803 [debug] [MainThread]: Sending event: {'category': 'dbt', 'action': 'load_project', 'label': 'f2d52b45-f897-4b3f-b005-aa5aa022456b', 'context': [<snowplow_tracker.self_describing_json.SelfDescribingJson object at 0x000001D5F5321C50>]}
[0m13:14:43.220535 [debug] [MainThread]: Wrote artifact WritableManifest to C:\Users\sudar\Downloads\real_time_attribution\target\manifest.json
[0m13:14:43.228250 [debug] [MainThread]: Wrote artifact SemanticManifest to C:\Users\sudar\Downloads\real_time_attribution\target\semantic_manifest.json
[0m13:14:43.273110 [debug] [MainThread]: Sending event: {'category': 'dbt', 'action': 'resource_counts', 'label': 'f2d52b45-f897-4b3f-b005-aa5aa022456b', 'context': [<snowplow_tracker.self_describing_json.SelfDescribingJson object at 0x000001D5F3BCA510>]}
[0m13:14:43.274112 [info ] [MainThread]: Found 520 macros
[0m13:14:43.276338 [debug] [MainThread]: Sending event: {'category': 'dbt', 'action': 'runnable_timing', 'label': 'f2d52b45-f897-4b3f-b005-aa5aa022456b', 'context': [<snowplow_tracker.self_describing_json.SelfDescribingJson object at 0x000001D5963ADED0>]}
[0m13:14:43.278776 [warn ] [MainThread]: The selection criterion 'staging/stg_ga4_events' does not match any enabled nodes
[0m13:14:43.282156 [warn ] [MainThread]: Nothing to do. Try checking your model configs and model specification args
[0m13:14:43.287951 [debug] [MainThread]: Command end result
[0m13:14:43.338240 [debug] [MainThread]: Wrote artifact WritableManifest to C:\Users\sudar\Downloads\real_time_attribution\target\manifest.json
[0m13:14:43.343746 [debug] [MainThread]: Wrote artifact SemanticManifest to C:\Users\sudar\Downloads\real_time_attribution\target\semantic_manifest.json
[0m13:14:43.348464 [debug] [MainThread]: Wrote artifact RunExecutionResult to C:\Users\sudar\Downloads\real_time_attribution\target\run_results.json
[0m13:14:43.350975 [debug] [MainThread]: Command `dbt run` succeeded at 13:14:43.350975 after 9.04 seconds
[0m13:14:43.350975 [debug] [MainThread]: Sending event: {'category': 'dbt', 'action': 'invocation', 'label': 'end', 'context': [<snowplow_tracker.self_describing_json.SelfDescribingJson object at 0x000001D5F5ADDA90>, <snowplow_tracker.self_describing_json.SelfDescribingJson object at 0x000001D5F5B32610>, <snowplow_tracker.self_describing_json.SelfDescribingJson object at 0x000001D5EFB5D390>]}
[0m13:14:43.351987 [debug] [MainThread]: Flushing usage events
[0m13:14:44.400113 [debug] [MainThread]: An error was encountered while trying to flush usage events
[0m13:25:48.239215 [debug] [MainThread]: Sending event: {'category': 'dbt', 'action': 'invocation', 'label': 'start', 'context': [<snowplow_tracker.self_describing_json.SelfDescribingJson object at 0x000001665E992C50>, <snowplow_tracker.self_describing_json.SelfDescribingJson object at 0x000001665E9E1C90>, <snowplow_tracker.self_describing_json.SelfDescribingJson object at 0x000001665E992790>]}


============================== 13:25:48.244249 | b95a2473-0a75-4027-ae02-204934dbd842 ==============================
[0m13:25:48.244249 [info ] [MainThread]: Running with dbt=1.11.0-rc2
[0m13:25:48.245214 [debug] [MainThread]: running dbt with arguments {'invocation_command': 'dbt run --select int_sessions', 'log_format': 'default', 'write_json': 'True', 'profiles_dir': 'C:\\Users\\sudar\\.dbt', 'printer_width': '80', 'warn_error': 'None', 'indirect_selection': 'eager', 'partial_parse': 'True', 'static_parser': 'True', 'send_anonymous_usage_stats': 'True', 'log_path': 'C:\\Users\\sudar\\Downloads\\real_time_attribution\\logs', 'warn_error_options': 'WarnErrorOptionsV2(error=[], warn=[], silence=[])', 'fail_fast': 'False', 'use_experimental_parser': 'False', 'version_check': 'True', 'quiet': 'False', 'introspect': 'True', 'empty': 'False', 'log_cache_events': 'False', 'debug': 'False', 'no_print': 'None', 'use_colors': 'True', 'cache_selected_only': 'False', 'target_path': 'None'}
[0m13:25:54.986297 [debug] [MainThread]: Sending event: {'category': 'dbt', 'action': 'project_id', 'label': 'b95a2473-0a75-4027-ae02-204934dbd842', 'context': [<snowplow_tracker.self_describing_json.SelfDescribingJson object at 0x000001665EA0DB90>]}
[0m13:25:55.076290 [debug] [MainThread]: Sending event: {'category': 'dbt', 'action': 'adapter_info', 'label': 'b95a2473-0a75-4027-ae02-204934dbd842', 'context': [<snowplow_tracker.self_describing_json.SelfDescribingJson object at 0x000001665973F8D0>]}
[0m13:25:55.078264 [info ] [MainThread]: Registered adapter: bigquery=1.10.3
[0m13:25:56.132138 [debug] [MainThread]: checksum: f420ac8df49db4abf21b04814d8cfdc71f6e486d41e3092ed54ec7aa440e7a3c, vars: {}, profile: , target: , version: 1.11.0rc2
[0m13:25:56.240129 [debug] [MainThread]: Partial parsing enabled: 0 files deleted, 0 files added, 0 files changed.
[0m13:25:56.241136 [debug] [MainThread]: Nothing changed, skipping partial parsing.
[0m13:25:56.242096 [debug] [MainThread]: Partial parsing enabled, no changes found, skipping parsing
[0m13:25:56.243097 [warn ] [MainThread]: [[33mWARNING[0m]: Configuration paths exist in your dbt_project.yml file which do not apply to any resources.
There are 1 unused configuration paths:
- models.attribution_project.example
[0m13:25:56.250134 [debug] [MainThread]: Sending event: {'category': 'dbt', 'action': 'load_project', 'label': 'b95a2473-0a75-4027-ae02-204934dbd842', 'context': [<snowplow_tracker.self_describing_json.SelfDescribingJson object at 0x000001667D999C90>]}
[0m13:25:56.307275 [debug] [MainThread]: Wrote artifact WritableManifest to C:\Users\sudar\Downloads\real_time_attribution\target\manifest.json
[0m13:25:56.310277 [debug] [MainThread]: Wrote artifact SemanticManifest to C:\Users\sudar\Downloads\real_time_attribution\target\semantic_manifest.json
[0m13:25:56.337919 [debug] [MainThread]: Sending event: {'category': 'dbt', 'action': 'resource_counts', 'label': 'b95a2473-0a75-4027-ae02-204934dbd842', 'context': [<snowplow_tracker.self_describing_json.SelfDescribingJson object at 0x000001667D9B2A50>]}
[0m13:25:56.339913 [info ] [MainThread]: Found 520 macros
[0m13:25:56.340927 [debug] [MainThread]: Sending event: {'category': 'dbt', 'action': 'runnable_timing', 'label': 'b95a2473-0a75-4027-ae02-204934dbd842', 'context': [<snowplow_tracker.self_describing_json.SelfDescribingJson object at 0x000001667D38D610>]}
[0m13:25:56.342974 [warn ] [MainThread]: The selection criterion 'int_sessions' does not match any enabled nodes
[0m13:25:56.344974 [warn ] [MainThread]: Nothing to do. Try checking your model configs and model specification args
[0m13:25:56.348772 [debug] [MainThread]: Command end result
[0m13:25:56.380976 [debug] [MainThread]: Wrote artifact WritableManifest to C:\Users\sudar\Downloads\real_time_attribution\target\manifest.json
[0m13:25:56.384801 [debug] [MainThread]: Wrote artifact SemanticManifest to C:\Users\sudar\Downloads\real_time_attribution\target\semantic_manifest.json
[0m13:25:56.389494 [debug] [MainThread]: Wrote artifact RunExecutionResult to C:\Users\sudar\Downloads\real_time_attribution\target\run_results.json
[0m13:25:56.391108 [debug] [MainThread]: Command `dbt run` succeeded at 13:25:56.391108 after 8.29 seconds
[0m13:25:56.392123 [debug] [MainThread]: Sending event: {'category': 'dbt', 'action': 'invocation', 'label': 'end', 'context': [<snowplow_tracker.self_describing_json.SelfDescribingJson object at 0x000001665EA03F90>, <snowplow_tracker.self_describing_json.SelfDescribingJson object at 0x000001665EA31E10>, <snowplow_tracker.self_describing_json.SelfDescribingJson object at 0x00000166589CD490>]}
[0m13:25:56.392123 [debug] [MainThread]: Flushing usage events
[0m13:25:57.387001 [debug] [MainThread]: An error was encountered while trying to flush usage events
[0m13:26:02.509012 [debug] [MainThread]: Sending event: {'category': 'dbt', 'action': 'invocation', 'label': 'start', 'context': [<snowplow_tracker.self_describing_json.SelfDescribingJson object at 0x0000016363692AD0>, <snowplow_tracker.self_describing_json.SelfDescribingJson object at 0x0000016363692910>, <snowplow_tracker.self_describing_json.SelfDescribingJson object at 0x0000016363690710>]}


============================== 13:26:02.514048 | c7979458-59de-4066-9360-02a644f37e88 ==============================
[0m13:26:02.514048 [info ] [MainThread]: Running with dbt=1.11.0-rc2
[0m13:26:02.515013 [debug] [MainThread]: running dbt with arguments {'profiles_dir': 'C:\\Users\\sudar\\.dbt', 'invocation_command': 'dbt test --select int_sessions', 'target_path': 'None', 'log_format': 'default', 'cache_selected_only': 'False', 'warn_error': 'None', 'log_path': 'C:\\Users\\sudar\\Downloads\\real_time_attribution\\logs', 'partial_parse': 'True', 'static_parser': 'True', 'send_anonymous_usage_stats': 'True', 'indirect_selection': 'eager', 'warn_error_options': 'WarnErrorOptionsV2(error=[], warn=[], silence=[])', 'fail_fast': 'False', 'use_experimental_parser': 'False', 'version_check': 'True', 'quiet': 'False', 'introspect': 'True', 'empty': 'None', 'log_cache_events': 'False', 'debug': 'False', 'no_print': 'None', 'use_colors': 'True', 'printer_width': '80', 'write_json': 'True'}
[0m13:26:08.807428 [debug] [MainThread]: Sending event: {'category': 'dbt', 'action': 'project_id', 'label': 'c7979458-59de-4066-9360-02a644f37e88', 'context': [<snowplow_tracker.self_describing_json.SelfDescribingJson object at 0x0000016381F9D790>]}
[0m13:26:08.898429 [debug] [MainThread]: Sending event: {'category': 'dbt', 'action': 'adapter_info', 'label': 'c7979458-59de-4066-9360-02a644f37e88', 'context': [<snowplow_tracker.self_describing_json.SelfDescribingJson object at 0x000001635E4C0250>]}
[0m13:26:08.899395 [info ] [MainThread]: Registered adapter: bigquery=1.10.3
[0m13:26:10.280002 [debug] [MainThread]: checksum: f420ac8df49db4abf21b04814d8cfdc71f6e486d41e3092ed54ec7aa440e7a3c, vars: {}, profile: , target: , version: 1.11.0rc2
[0m13:26:10.438189 [debug] [MainThread]: Partial parsing enabled: 0 files deleted, 0 files added, 0 files changed.
[0m13:26:10.439195 [debug] [MainThread]: Nothing changed, skipping partial parsing.
[0m13:26:10.440178 [debug] [MainThread]: Partial parsing enabled, no changes found, skipping parsing
[0m13:26:10.441167 [warn ] [MainThread]: [[33mWARNING[0m]: Configuration paths exist in your dbt_project.yml file which do not apply to any resources.
There are 1 unused configuration paths:
- models.attribution_project.example
[0m13:26:10.447194 [debug] [MainThread]: Sending event: {'category': 'dbt', 'action': 'load_project', 'label': 'c7979458-59de-4066-9360-02a644f37e88', 'context': [<snowplow_tracker.self_describing_json.SelfDescribingJson object at 0x000001638360BC50>]}
[0m13:26:10.516169 [debug] [MainThread]: Wrote artifact WritableManifest to C:\Users\sudar\Downloads\real_time_attribution\target\manifest.json
[0m13:26:10.521486 [debug] [MainThread]: Wrote artifact SemanticManifest to C:\Users\sudar\Downloads\real_time_attribution\target\semantic_manifest.json
[0m13:26:10.568113 [debug] [MainThread]: Sending event: {'category': 'dbt', 'action': 'resource_counts', 'label': 'c7979458-59de-4066-9360-02a644f37e88', 'context': [<snowplow_tracker.self_describing_json.SelfDescribingJson object at 0x0000016383883D10>]}
[0m13:26:10.569122 [info ] [MainThread]: Found 520 macros
[0m13:26:10.571109 [debug] [MainThread]: Sending event: {'category': 'dbt', 'action': 'runnable_timing', 'label': 'c7979458-59de-4066-9360-02a644f37e88', 'context': [<snowplow_tracker.self_describing_json.SelfDescribingJson object at 0x000001636368BC10>]}
[0m13:26:10.571109 [warn ] [MainThread]: The selection criterion 'int_sessions' does not match any enabled nodes
[0m13:26:10.574109 [warn ] [MainThread]: Nothing to do. Try checking your model configs and model specification args
[0m13:26:10.578137 [debug] [MainThread]: Command end result
[0m13:26:10.611503 [debug] [MainThread]: Wrote artifact WritableManifest to C:\Users\sudar\Downloads\real_time_attribution\target\manifest.json
[0m13:26:10.615471 [debug] [MainThread]: Wrote artifact SemanticManifest to C:\Users\sudar\Downloads\real_time_attribution\target\semantic_manifest.json
[0m13:26:10.619498 [debug] [MainThread]: Wrote artifact RunExecutionResult to C:\Users\sudar\Downloads\real_time_attribution\target\run_results.json
[0m13:26:10.621471 [debug] [MainThread]: Command `dbt test` succeeded at 13:26:10.621471 after 8.22 seconds
[0m13:26:10.622499 [debug] [MainThread]: Sending event: {'category': 'dbt', 'action': 'invocation', 'label': 'end', 'context': [<snowplow_tracker.self_describing_json.SelfDescribingJson object at 0x000001635D71D490>, <snowplow_tracker.self_describing_json.SelfDescribingJson object at 0x000001635D71D610>, <snowplow_tracker.self_describing_json.SelfDescribingJson object at 0x000001635AFD35D0>]}
[0m13:26:10.623503 [debug] [MainThread]: Flushing usage events
[0m13:26:11.616987 [debug] [MainThread]: An error was encountered while trying to flush usage events
[0m23:58:29.094662 [debug] [MainThread]: Sending event: {'category': 'dbt', 'action': 'invocation', 'label': 'start', 'context': [<snowplow_tracker.self_describing_json.SelfDescribingJson object at 0x000001DA51F92190>, <snowplow_tracker.self_describing_json.SelfDescribingJson object at 0x000001DA51F8BD50>, <snowplow_tracker.self_describing_json.SelfDescribingJson object at 0x000001DA51F8BF10>]}


============================== 23:58:29.144688 | fc8d8552-cb79-4738-aef8-cc68337854e8 ==============================
[0m23:58:29.144688 [info ] [MainThread]: Running with dbt=1.11.0-rc2
[0m23:58:29.145698 [debug] [MainThread]: running dbt with arguments {'target_path': 'None', 'use_colors': 'True', 'log_format': 'default', 'profiles_dir': 'C:\\Users\\sudar\\.dbt', 'cache_selected_only': 'False', 'warn_error': 'None', 'indirect_selection': 'eager', 'fail_fast': 'False', 'partial_parse': 'True', 'send_anonymous_usage_stats': 'True', 'static_parser': 'True', 'warn_error_options': 'WarnErrorOptionsV2(error=[], warn=[], silence=[])', 'log_path': 'C:\\Users\\sudar\\Downloads\\real_time_attribution\\logs', 'use_experimental_parser': 'False', 'version_check': 'True', 'introspect': 'True', 'quiet': 'False', 'empty': 'False', 'log_cache_events': 'False', 'debug': 'False', 'no_print': 'None', 'invocation_command': 'dbt run --select mart_last_click', 'printer_width': '80', 'write_json': 'True'}
[0m23:59:28.803179 [debug] [MainThread]: Sending event: {'category': 'dbt', 'action': 'project_id', 'label': 'fc8d8552-cb79-4738-aef8-cc68337854e8', 'context': [<snowplow_tracker.self_describing_json.SelfDescribingJson object at 0x000001DA718E2BD0>]}
[0m23:59:28.894958 [debug] [MainThread]: Sending event: {'category': 'dbt', 'action': 'adapter_info', 'label': 'fc8d8552-cb79-4738-aef8-cc68337854e8', 'context': [<snowplow_tracker.self_describing_json.SelfDescribingJson object at 0x000001DA4DDAFE90>]}
[0m23:59:28.896448 [info ] [MainThread]: Registered adapter: bigquery=1.10.3
[0m23:59:30.242536 [debug] [MainThread]: checksum: f420ac8df49db4abf21b04814d8cfdc71f6e486d41e3092ed54ec7aa440e7a3c, vars: {}, profile: , target: , version: 1.11.0rc2
[0m23:59:33.359474 [debug] [MainThread]: Partial parsing enabled: 0 files deleted, 0 files added, 0 files changed.
[0m23:59:33.360469 [debug] [MainThread]: Nothing changed, skipping partial parsing.
[0m23:59:33.360469 [debug] [MainThread]: Partial parsing enabled, no changes found, skipping parsing
[0m23:59:33.362889 [warn ] [MainThread]: [[33mWARNING[0m]: Configuration paths exist in your dbt_project.yml file which do not apply to any resources.
There are 1 unused configuration paths:
- models.attribution_project.example
[0m23:59:33.373217 [debug] [MainThread]: Sending event: {'category': 'dbt', 'action': 'load_project', 'label': 'fc8d8552-cb79-4738-aef8-cc68337854e8', 'context': [<snowplow_tracker.self_describing_json.SelfDescribingJson object at 0x000001DA71F14A10>]}
[0m23:59:33.433600 [debug] [MainThread]: Wrote artifact WritableManifest to C:\Users\sudar\Downloads\real_time_attribution\target\manifest.json
[0m23:59:33.438028 [debug] [MainThread]: Wrote artifact SemanticManifest to C:\Users\sudar\Downloads\real_time_attribution\target\semantic_manifest.json
[0m23:59:33.894840 [debug] [MainThread]: Sending event: {'category': 'dbt', 'action': 'resource_counts', 'label': 'fc8d8552-cb79-4738-aef8-cc68337854e8', 'context': [<snowplow_tracker.self_describing_json.SelfDescribingJson object at 0x000001DA71F76F10>]}
[0m23:59:33.896058 [info ] [MainThread]: Found 520 macros
[0m23:59:33.897058 [debug] [MainThread]: Sending event: {'category': 'dbt', 'action': 'runnable_timing', 'label': 'fc8d8552-cb79-4738-aef8-cc68337854e8', 'context': [<snowplow_tracker.self_describing_json.SelfDescribingJson object at 0x000001DA51F8B790>]}
[0m23:59:33.898120 [warn ] [MainThread]: The selection criterion 'mart_last_click' does not match any enabled nodes
[0m23:59:33.900317 [warn ] [MainThread]: Nothing to do. Try checking your model configs and model specification args
[0m23:59:33.903318 [debug] [MainThread]: Command end result
[0m23:59:33.937439 [debug] [MainThread]: Wrote artifact WritableManifest to C:\Users\sudar\Downloads\real_time_attribution\target\manifest.json
[0m23:59:33.941885 [debug] [MainThread]: Wrote artifact SemanticManifest to C:\Users\sudar\Downloads\real_time_attribution\target\semantic_manifest.json
[0m23:59:33.950152 [debug] [MainThread]: Wrote artifact RunExecutionResult to C:\Users\sudar\Downloads\real_time_attribution\target\run_results.json
[0m23:59:33.952940 [debug] [MainThread]: Command `dbt run` succeeded at 23:59:33.951453 after 65.03 seconds
[0m23:59:33.952940 [debug] [MainThread]: Sending event: {'category': 'dbt', 'action': 'invocation', 'label': 'end', 'context': [<snowplow_tracker.self_describing_json.SelfDescribingJson object at 0x000001DA53032290>, <snowplow_tracker.self_describing_json.SelfDescribingJson object at 0x000001DA512000D0>, <snowplow_tracker.self_describing_json.SelfDescribingJson object at 0x000001DA4D00D450>]}
[0m23:59:33.953939 [debug] [MainThread]: Flushing usage events
[0m23:59:35.281947 [debug] [MainThread]: An error was encountered while trying to flush usage events
[0m00:39:12.216050 [debug] [MainThread]: Sending event: {'category': 'dbt', 'action': 'invocation', 'label': 'start', 'context': [<snowplow_tracker.self_describing_json.SelfDescribingJson object at 0x000001DE00197C10>, <snowplow_tracker.self_describing_json.SelfDescribingJson object at 0x000001DE001DA950>, <snowplow_tracker.self_describing_json.SelfDescribingJson object at 0x000001DE001D9CD0>]}


============================== 00:39:12.225009 | a214b20f-377d-49f1-a596-02cc9321b845 ==============================
[0m00:39:12.225009 [info ] [MainThread]: Running with dbt=1.11.0-rc2
[0m00:39:12.227010 [debug] [MainThread]: running dbt with arguments {'use_colors': 'True', 'no_print': 'None', 'profiles_dir': 'C:\\Users\\sudar\\.dbt', 'cache_selected_only': 'False', 'write_json': 'True', 'warn_error': 'None', 'log_path': 'C:\\Users\\sudar\\Downloads\\real_time_attribution\\logs', 'partial_parse': 'True', 'indirect_selection': 'eager', 'send_anonymous_usage_stats': 'True', 'fail_fast': 'False', 'warn_error_options': 'WarnErrorOptionsV2(error=[], warn=[], silence=[])', 'static_parser': 'True', 'use_experimental_parser': 'False', 'version_check': 'True', 'quiet': 'False', 'introspect': 'True', 'empty': 'False', 'log_cache_events': 'False', 'debug': 'False', 'log_format': 'default', 'invocation_command': 'dbt run --select mart_first_click', 'printer_width': '80', 'target_path': 'None'}
[0m00:39:24.492446 [debug] [MainThread]: Sending event: {'category': 'dbt', 'action': 'project_id', 'label': 'a214b20f-377d-49f1-a596-02cc9321b845', 'context': [<snowplow_tracker.self_describing_json.SelfDescribingJson object at 0x000001DE1ED99A90>]}
[0m00:39:24.581942 [debug] [MainThread]: Sending event: {'category': 'dbt', 'action': 'adapter_info', 'label': 'a214b20f-377d-49f1-a596-02cc9321b845', 'context': [<snowplow_tracker.self_describing_json.SelfDescribingJson object at 0x000001DE7AEF0A90>]}
[0m00:39:24.583942 [info ] [MainThread]: Registered adapter: bigquery=1.10.3
[0m00:39:25.693454 [debug] [MainThread]: checksum: f420ac8df49db4abf21b04814d8cfdc71f6e486d41e3092ed54ec7aa440e7a3c, vars: {}, profile: , target: , version: 1.11.0rc2
[0m00:39:25.845829 [debug] [MainThread]: Partial parsing enabled: 0 files deleted, 0 files added, 0 files changed.
[0m00:39:25.846830 [debug] [MainThread]: Nothing changed, skipping partial parsing.
[0m00:39:25.847802 [debug] [MainThread]: Partial parsing enabled, no changes found, skipping parsing
[0m00:39:25.848966 [warn ] [MainThread]: [[33mWARNING[0m]: Configuration paths exist in your dbt_project.yml file which do not apply to any resources.
There are 1 unused configuration paths:
- models.attribution_project.example
[0m00:39:25.855605 [debug] [MainThread]: Sending event: {'category': 'dbt', 'action': 'load_project', 'label': 'a214b20f-377d-49f1-a596-02cc9321b845', 'context': [<snowplow_tracker.self_describing_json.SelfDescribingJson object at 0x000001DE20412C10>]}
[0m00:39:25.914666 [debug] [MainThread]: Wrote artifact WritableManifest to C:\Users\sudar\Downloads\real_time_attribution\target\manifest.json
[0m00:39:25.917663 [debug] [MainThread]: Wrote artifact SemanticManifest to C:\Users\sudar\Downloads\real_time_attribution\target\semantic_manifest.json
[0m00:39:25.960691 [debug] [MainThread]: Sending event: {'category': 'dbt', 'action': 'resource_counts', 'label': 'a214b20f-377d-49f1-a596-02cc9321b845', 'context': [<snowplow_tracker.self_describing_json.SelfDescribingJson object at 0x000001DE1EDD3F90>]}
[0m00:39:25.961692 [info ] [MainThread]: Found 520 macros
[0m00:39:25.962691 [debug] [MainThread]: Sending event: {'category': 'dbt', 'action': 'runnable_timing', 'label': 'a214b20f-377d-49f1-a596-02cc9321b845', 'context': [<snowplow_tracker.self_describing_json.SelfDescribingJson object at 0x000001DE1EEE5B90>]}
[0m00:39:25.964101 [warn ] [MainThread]: The selection criterion 'mart_first_click' does not match any enabled nodes
[0m00:39:25.966100 [warn ] [MainThread]: Nothing to do. Try checking your model configs and model specification args
[0m00:39:25.969095 [debug] [MainThread]: Command end result
[0m00:39:26.003344 [debug] [MainThread]: Wrote artifact WritableManifest to C:\Users\sudar\Downloads\real_time_attribution\target\manifest.json
[0m00:39:26.009386 [debug] [MainThread]: Wrote artifact SemanticManifest to C:\Users\sudar\Downloads\real_time_attribution\target\semantic_manifest.json
[0m00:39:26.015498 [debug] [MainThread]: Wrote artifact RunExecutionResult to C:\Users\sudar\Downloads\real_time_attribution\target\run_results.json
[0m00:39:26.017433 [debug] [MainThread]: Command `dbt run` succeeded at 00:39:26.017433 after 13.94 seconds
[0m00:39:26.017976 [debug] [MainThread]: Sending event: {'category': 'dbt', 'action': 'invocation', 'label': 'end', 'context': [<snowplow_tracker.self_describing_json.SelfDescribingJson object at 0x000001DE0018F3D0>, <snowplow_tracker.self_describing_json.SelfDescribingJson object at 0x000001DE0018EE10>, <snowplow_tracker.self_describing_json.SelfDescribingJson object at 0x000001DE0018E950>]}
[0m00:39:26.018983 [debug] [MainThread]: Flushing usage events
[0m00:39:27.095425 [debug] [MainThread]: An error was encountered while trying to flush usage events
